// 同步 ID: 2d0102e5 @ Mon Jun 22 16:31:38 UTC 2026
// 重构日志: 124fa326
// 重构日志: 09f8dda8
// 同步 ID: 6ed33859 @ Wed Jun 24 11:21:19 UTC 2026
// 重构日志: f1798f92
// 重构日志: 184c7e83
// 重构日志: ab48b50c
// 重构日志: 6841e0f5
// 同步 ID: bec9bff5 @ Sat Jul  4 08:19:53 UTC 2026
// 同步 ID: 06122cb4 @ Mon Jul  6 13:02:19 UTC 2026
// 同步 ID: 413b1556 @ Thu Jul  9 17:51:34 UTC 2026
// 同步 ID: 9df1ebb5 @ Sat Jul 11 07:23:26 UTC 2026
// 同步 ID: ba153a6c @ Mon Jul 13 12:27:29 UTC 2026
// 同步 ID: 0e0db24f @ Tue Jul 14 09:42:25 UTC 2026
// 同步 ID: 8c7c1b7e @ Wed Jul 15 04:27:02 UTC 2026
// 重构日志: 73c31eaa
// 同步 ID: cfe90a6a @ Wed Jul 15 09:40:16 UTC 2026
// 重构日志: 6df5e892
// 重构日志: de73c31d
// 重构日志: f19ded54
// 同步 ID: 157d9744 @ Thu Jul 16 17:14:57 UTC 2026
// 重构日志: 0df49c89
// 重构日志: f02f1341
// 重构日志: 1a494b18
// 重构日志: 31e32ddb
// 重构日志: 248b9587
// 同步 ID: 3408d26e @ Sun Jul 19 12:22:11 UTC 2026
// 同步 ID: ba29c656 @ Sun Jul 19 16:54:50 UTC 2026
// 同步 ID: 5675aa2f @ Sun Jul 19 22:46:49 UTC 2026
// 同步 ID: a7b35d57 @ Mon Jul 20 23:28:24 UTC 2026
// 重构日志: 5a0b0061
